Build started 9/4/2013 11:02:38 PM.
     1>Project "C:\Users\Emanuel\Documents\ProgrammingProjects\cpp-tile-editor\tile_editor_SMFL\tile_editor_SMFL\tile_editor_SMFL.vcxproj" on node 2 (build target(s)).
     1>PrepareForBuild:
         Creating directory "C:\Users\Emanuel\Documents\ProgrammingProjects\cpp-tile-editor\tile_editor_SMFL\Debug\".
       InitializeBuildStatus:
         Creating "Debug\tile_editor_SMFL.unsuccessfulbuild" because "AlwaysCreate" was specified.
       ClCompile:
         c:\Program Files (x86)\Microsoft Visual Studio 10.0\VC\bin\CL.exe /c /I"C:\Users\Emanuel\Documents\ProgrammingProjects\cpp-tile-editor\SFML-2.1-windows-vc10-32bits\SFML-2.1\include" /ZI /nologo /W3 /WX- /Od /Oy- /D WIN32 /D _DEBUG /D _CONSOLE /D _UNICODE /D UNICODE /Gm /EHsc /RTC1 /MDd /GS /fp:precise /Zc:wchar_t /Zc:forScope /Fo"Debug\\" /Fd"Debug\vc100.pdb" /Gd /TP /analyze- /errorReport:prompt src\Game.cpp src\GameBall.cpp src\GameObjectManager.cpp src\GUIComponent.cpp src\GUIManager.cpp src\main.cpp src\MainMenu.cpp src\pang.cpp src\PlayerPaddle.cpp src\SplashScreen.cpp src\stdafx.cpp src\Tile.cpp src\VisibleGameObject.cpp
         VisibleGameObject.cpp
         Tile.cpp
         stdafx.cpp
         SplashScreen.cpp
     1>c:\users\emanuel\documents\programmingprojects\cpp-tile-editor\tile_editor_smfl\tile_editor_smfl\src\splashscreen.cpp(24): warning C4482: nonstandard extension used: enum 'sf::Event::EventType' used in qualified name
     1>c:\users\emanuel\documents\programmingprojects\cpp-tile-editor\tile_editor_smfl\tile_editor_smfl\src\splashscreen.cpp(25): warning C4482: nonstandard extension used: enum 'sf::Event::EventType' used in qualified name
     1>c:\users\emanuel\documents\programmingprojects\cpp-tile-editor\tile_editor_smfl\tile_editor_smfl\src\splashscreen.cpp(25): warning C4482: nonstandard extension used: enum 'sf::Event::EventType' used in qualified name
         PlayerPaddle.cpp
         pang.cpp
         MainMenu.cpp
         main.cpp
     1>c:\users\emanuel\documents\programmingprojects\cpp-tile-editor\tile_editor_smfl\tile_editor_smfl\src\main.cpp(231): warning C4018: '<' : signed/unsigned mismatch
     1>c:\users\emanuel\documents\programmingprojects\cpp-tile-editor\tile_editor_smfl\tile_editor_smfl\src\main.cpp(231): warning C4018: '<' : signed/unsigned mismatch
     1>c:\users\emanuel\documents\programmingprojects\cpp-tile-editor\tile_editor_smfl\tile_editor_smfl\src\main.cpp(234): warning C4482: nonstandard extension used: enum 'sf::Mouse::Button' used in qualified name
         GUIManager.cpp
         GUIComponent.cpp
         GameObjectManager.cpp
         GameBall.cpp
         Game.cpp
     1>c:\users\emanuel\documents\programmingprojects\cpp-tile-editor\tile_editor_smfl\tile_editor_smfl\src\game.cpp(55): warning C4172: returning address of local variable or temporary
         Generating Code...
       ManifestResourceCompile:
         c:\Program Files (x86)\Microsoft SDKs\Windows\v7.0A\bin\rc.exe /nologo /fo"Debug\tile_editor_SMFL.exe.embed.manifest.res" Debug\tile_editor_SMFL_manifest.rc 
       Link:
         c:\Program Files (x86)\Microsoft Visual Studio 10.0\VC\bin\link.exe /ERRORREPORT:PROMPT /OUT:"C:\Users\Emanuel\Documents\ProgrammingProjects\cpp-tile-editor\tile_editor_SMFL\Debug\tile_editor_SMFL.exe" /INCREMENTAL /NOLOGO /LIBPATH:"C:\Users\Emanuel\Documents\ProgrammingProjects\cpp-tile-editor\SFML-2.1-windows-vc10-32bits\SFML-2.1\lib" "sfml-system-d.lib" "sfml-main-d.lib" "sfml-graphics-d.lib" "sfml-audio-d.lib" "sfml-network-d.lib" "sfml-window-d.lib" kernel32.lib user32.lib gdi32.lib winspool.lib comdlg32.lib advapi32.lib shell32.lib ole32.lib oleaut32.lib uuid.lib odbc32.lib odbccp32.lib /MANIFEST /ManifestFile:"Debug\tile_editor_SMFL.exe.intermediate.manifest" /MANIFESTUAC:"level='asInvoker' uiAccess='false'" /DEBUG /PDB:"C:\Users\Emanuel\Documents\ProgrammingProjects\cpp-tile-editor\tile_editor_SMFL\Debug\tile_editor_SMFL.pdb" /SUBSYSTEM:CONSOLE /TLBID:1 /DYNAMICBASE /NXCOMPAT /IMPLIB:"C:\Users\Emanuel\Documents\ProgrammingProjects\cpp-tile-editor\tile_editor_SMFL\Debug\tile_editor_SMFL.lib" /MACHINE:X86 Debug\tile_editor_SMFL.exe.embed.manifest.res
         Debug\Game.obj
         Debug\GameBall.obj
         Debug\GameObjectManager.obj
         Debug\GUIComponent.obj
         Debug\GUIManager.obj
         Debug\main.obj
         Debug\MainMenu.obj
         Debug\pang.obj
         Debug\PlayerPaddle.obj
         Debug\SplashScreen.obj
         Debug\stdafx.obj
         Debug\Tile.obj
         Debug\VisibleGameObject.obj
       Manifest:
         c:\Program Files (x86)\Microsoft SDKs\Windows\v7.0A\bin\mt.exe /nologo /verbose /out:"Debug\tile_editor_SMFL.exe.embed.manifest" /manifest Debug\tile_editor_SMFL.exe.intermediate.manifest
         c:\Program Files (x86)\Microsoft SDKs\Windows\v7.0A\bin\rc.exe /nologo /fo"Debug\tile_editor_SMFL.exe.embed.manifest.res" Debug\tile_editor_SMFL_manifest.rc 
       LinkEmbedManifest:
         c:\Program Files (x86)\Microsoft Visual Studio 10.0\VC\bin\link.exe /ERRORREPORT:PROMPT /OUT:"C:\Users\Emanuel\Documents\ProgrammingProjects\cpp-tile-editor\tile_editor_SMFL\Debug\tile_editor_SMFL.exe" /INCREMENTAL /NOLOGO /LIBPATH:"C:\Users\Emanuel\Documents\ProgrammingProjects\cpp-tile-editor\SFML-2.1-windows-vc10-32bits\SFML-2.1\lib" "sfml-system-d.lib" "sfml-main-d.lib" "sfml-graphics-d.lib" "sfml-audio-d.lib" "sfml-network-d.lib" "sfml-window-d.lib" kernel32.lib user32.lib gdi32.lib winspool.lib comdlg32.lib advapi32.lib shell32.lib ole32.lib oleaut32.lib uuid.lib odbc32.lib odbccp32.lib /MANIFEST /ManifestFile:"Debug\tile_editor_SMFL.exe.intermediate.manifest" /MANIFESTUAC:"level='asInvoker' uiAccess='false'" /DEBUG /PDB:"C:\Users\Emanuel\Documents\ProgrammingProjects\cpp-tile-editor\tile_editor_SMFL\Debug\tile_editor_SMFL.pdb" /SUBSYSTEM:CONSOLE /TLBID:1 /DYNAMICBASE /NXCOMPAT /IMPLIB:"C:\Users\Emanuel\Documents\ProgrammingProjects\cpp-tile-editor\tile_editor_SMFL\Debug\tile_editor_SMFL.lib" /MACHINE:X86 Debug\tile_editor_SMFL.exe.embed.manifest.res
         Debug\Game.obj
         Debug\GameBall.obj
         Debug\GameObjectManager.obj
         Debug\GUIComponent.obj
         Debug\GUIManager.obj
         Debug\main.obj
         Debug\MainMenu.obj
         Debug\pang.obj
         Debug\PlayerPaddle.obj
         Debug\SplashScreen.obj
         Debug\stdafx.obj
         Debug\Tile.obj
         Debug\VisibleGameObject.obj
         tile_editor_SMFL.vcxproj -> C:\Users\Emanuel\Documents\ProgrammingProjects\cpp-tile-editor\tile_editor_SMFL\Debug\tile_editor_SMFL.exe
       FinalizeBuildStatus:
         Deleting file "Debug\tile_editor_SMFL.unsuccessfulbuild".
         Touching "Debug\tile_editor_SMFL.lastbuildstate".
     1>Done Building Project "C:\Users\Emanuel\Documents\ProgrammingProjects\cpp-tile-editor\tile_editor_SMFL\tile_editor_SMFL\tile_editor_SMFL.vcxproj" (build target(s)).

Build succeeded.

Time Elapsed 00:00:11.68
